<?xml version="1.0" encoding="UTF-8"?>
<!-- Generated by org.testng.reporters.JUnitXMLReporter -->
<testsuite ignored="0" hostname="DESKTOP-0LKK15B" failures="0" tests="8" name="Chrome" time="412.513" errors="0" timestamp="05 Oct 2021 02:53:12 GMT">
  <testcase classname="gladiator.NewTest" name="TC44" time="11.452"/>
  <testcase classname="gladiator.NewTest" name="TC45" time="20.415"/>
  <testcase classname="gladiator.NewTest" name="TC46" time="12.697"/>
  <testcase classname="gladiator.NewTest" name="TC47" time="41.228"/>
  <testcase classname="gladiator.NewTest" name="TC48" time="40.859"/>
  <testcase classname="gladiator.NewTest" name="TC49" time="40.537"/>
  <testcase classname="gladiator.NewTest" name="TC50" time="40.999"/>
  <testcase classname="gladiator.NewTest" name="TC51" time="50.354"/>
</testsuite> <!-- Chrome -->
